{"/home/trevor/repos/EWU-CSCD379-2022-Spring/wordle-ad-farm/pages/game.vue": {"path":"/home/trevor/repos/EWU-CSCD379-2022-Spring/wordle-ad-farm/pages/game.vue","statementMap":{"0":{"start":{"line":1,"column":0},"end":{"line":1,"column":null}},"1":{"start":{"line":2,"column":0},"end":{"line":2,"column":null}},"2":{"start":{"line":5,"column":0},"end":{"line":5,"column":null}},"3":{"start":{"line":7,"column":0},"end":{"line":7,"column":null}},"4":{"start":{"line":11,"column":0},"end":{"line":11,"column":null}}},"fnMap":{"0":{"name":"(anonymous_3)","decl":{"start":{"line":5,"column":0},"end":{"line":5,"column":null}},"loc":{"start":{"line":5,"column":0},"end":{"line":13,"column":null}}},"1":{"name":"(anonymous_4)","decl":{"start":{"line":9,"column":0},"end":{"line":9,"column":null}},"loc":{"start":{"line":9,"column":0},"end":{"line":12,"column":null}}},"2":{"name":"(anonymous_5)","decl":{"start":{"line":11,"column":0},"end":{"line":11,"column":null}},"loc":{"start":{"line":11,"column":0},"end":{"line":11,"column":null}}}},"branchMap":{},"s":{"0":0,"1":0,"2":0,"3":0,"4":0},"f":{"0":0,"1":0,"2":0},"b":{}}
,"/home/trevor/repos/EWU-CSCD379-2022-Spring/wordle-ad-farm/scripts/letter.ts": {"path":"/home/trevor/repos/EWU-CSCD379-2022-Spring/wordle-ad-farm/scripts/letter.ts","statementMap":{"0":{"start":{"line":1,"column":0},"end":{"line":1,"column":null}},"1":{"start":{"line":2,"column":2},"end":{"line":2,"column":null}},"2":{"start":{"line":3,"column":2},"end":{"line":3,"column":null}},"3":{"start":{"line":4,"column":2},"end":{"line":4,"column":null}},"4":{"start":{"line":5,"column":2},"end":{"line":5,"column":null}},"5":{"start":{"line":14,"column":2},"end":{"line":14,"column":null}},"6":{"start":{"line":10,"column":4},"end":{"line":10,"column":null}},"7":{"start":{"line":8,"column":0},"end":{"line":8,"column":13}}},"fnMap":{"0":{"name":"(anonymous_0)","decl":{"start":{"line":1,"column":0},"end":{"line":1,"column":12}},"loc":{"start":{"line":1,"column":24},"end":{"line":6,"column":1}}},"1":{"name":"(anonymous_1)","decl":{"start":{"line":9,"column":2},"end":{"line":9,"column":14}},"loc":{"start":{"line":9,"column":26},"end":{"line":11,"column":3}}}},"branchMap":{"0":{"loc":{"start":{"line":1,"column":12},"end":{"line":1,"column":null}},"type":"binary-expr","locations":[{"start":{"line":1,"column":12},"end":{"line":1,"column":24}},{"start":{"line":1,"column":12},"end":{"line":1,"column":null}}]}},"s":{"0":2,"1":2,"2":2,"3":2,"4":2,"5":56,"6":56,"7":2},"f":{"0":2,"1":56},"b":{"0":[2,2]}}
,"/home/trevor/repos/EWU-CSCD379-2022-Spring/wordle-ad-farm/scripts/prerollAd.ts": {"path":"/home/trevor/repos/EWU-CSCD379-2022-Spring/wordle-ad-farm/scripts/prerollAd.ts","statementMap":{"0":{"start":{"line":1,"column":0},"end":{"line":1,"column":21}},"1":{"start":{"line":2,"column":0},"end":{"line":2,"column":43}},"2":{"start":{"line":5,"column":0},"end":{"line":13,"column":null}},"3":{"start":{"line":7,"column":4},"end":{"line":7,"column":31}},"4":{"start":{"line":11,"column":8},"end":{"line":11,"column":59}},"5":{"start":{"line":11,"column":27},"end":{"line":11,"column":49}},"6":{"start":{"line":5,"column":21},"end":{"line":13,"column":null}},"7":{"start":{"line":5,"column":21},"end":{"line":5,"column":31}}},"fnMap":{"0":{"name":"(anonymous_2)","decl":{"start":{"line":5,"column":0},"end":{"line":5,"column":21}},"loc":{"start":{"line":5,"column":0},"end":{"line":13,"column":1}}},"1":{"name":"(anonymous_3)","decl":{"start":{"line":9,"column":4},"end":{"line":9,"column":11}},"loc":{"start":{"line":9,"column":11},"end":{"line":12,"column":5}}},"2":{"name":"(anonymous_4)","decl":{"start":{"line":11,"column":19},"end":{"line":11,"column":22}},"loc":{"start":{"line":11,"column":24},"end":{"line":11,"column":51}}}},"branchMap":{},"s":{"0":0,"1":0,"2":0,"3":0,"4":0,"5":0,"6":0,"7":0},"f":{"0":0,"1":0,"2":0},"b":{}}
,"/home/trevor/repos/EWU-CSCD379-2022-Spring/wordle-ad-farm/scripts/word-alt.ts": {"path":"/home/trevor/repos/EWU-CSCD379-2022-Spring/wordle-ad-farm/scripts/word-alt.ts","statementMap":{"0":{"start":{"line":1,"column":0},"end":{"line":1,"column":42}},"1":{"start":{"line":2,"column":0},"end":{"line":2,"column":48}},"2":{"start":{"line":7,"column":13},"end":{"line":7,"column":36}},"3":{"start":{"line":11,"column":8},"end":{"line":14,"column":null}},"4":{"start":{"line":11,"column":20},"end":{"line":11,"column":21}},"5":{"start":{"line":13,"column":12},"end":{"line":13,"column":58}},"6":{"start":{"line":16,"column":8},"end":{"line":16,"column":23}},"7":{"start":{"line":21,"column":8},"end":{"line":25,"column":null}},"8":{"start":{"line":23,"column":12},"end":{"line":24,"column":28}},"9":{"start":{"line":24,"column":16},"end":{"line":24,"column":28}},"10":{"start":{"line":27,"column":8},"end":{"line":27,"column":21}},"11":{"start":{"line":32,"column":8},"end":{"line":32,"column":60}},"12":{"start":{"line":32,"column":40},"end":{"line":32,"column":49}},"13":{"start":{"line":37,"column":30},"end":{"line":37,"column":34}},"14":{"start":{"line":38,"column":25},"end":{"line":38,"column":54}},"15":{"start":{"line":39,"column":8},"end":{"line":57,"column":null}},"16":{"start":{"line":39,"column":20},"end":{"line":39,"column":21}},"17":{"start":{"line":41,"column":12},"end":{"line":56,"column":null}},"18":{"start":{"line":43,"column":16},"end":{"line":43,"column":62}},"19":{"start":{"line":44,"column":16},"end":{"line":44,"column":42}},"20":{"start":{"line":46,"column":17},"end":{"line":56,"column":null}},"21":{"start":{"line":48,"column":16},"end":{"line":48,"column":65}},"22":{"start":{"line":49,"column":16},"end":{"line":49,"column":42}},"23":{"start":{"line":50,"column":16},"end":{"line":50,"column":31}},"24":{"start":{"line":54,"column":16},"end":{"line":54,"column":60}},"25":{"start":{"line":55,"column":16},"end":{"line":55,"column":31}},"26":{"start":{"line":59,"column":8},"end":{"line":59,"column":22}},"27":{"start":{"line":4,"column":0},"end":{"line":4,"column":13}}},"fnMap":{"0":{"name":"(anonymous_0)","decl":{"start":{"line":9,"column":4},"end":{"line":9,"column":16}},"loc":{"start":{"line":9,"column":41},"end":{"line":17,"column":5}}},"1":{"name":"(anonymous_1)","decl":{"start":{"line":19,"column":4},"end":{"line":19,"column":12}},"loc":{"start":{"line":19,"column":27},"end":{"line":28,"column":5}}},"2":{"name":"(anonymous_2)","decl":{"start":{"line":30,"column":4},"end":{"line":30,"column":8}},"loc":{"start":{"line":30,"column":12},"end":{"line":33,"column":5}}},"3":{"name":"(anonymous_3)","decl":{"start":{"line":32,"column":32},"end":{"line":32,"column":36}},"loc":{"start":{"line":32,"column":40},"end":{"line":32,"column":49}}},"4":{"name":"(anonymous_4)","decl":{"start":{"line":35,"column":4},"end":{"line":35,"column":16}},"loc":{"start":{"line":35,"column":27},"end":{"line":60,"column":5}}}},"branchMap":{"0":{"loc":{"start":{"line":23,"column":12},"end":{"line":24,"column":28}},"type":"if","locations":[{"start":{"line":23,"column":12},"end":{"line":24,"column":28}}]},"1":{"loc":{"start":{"line":41,"column":12},"end":{"line":56,"column":null}},"type":"if","locations":[{"start":{"line":41,"column":12},"end":{"line":56,"column":null}},{"start":{"line":46,"column":17},"end":{"line":56,"column":null}}]},"2":{"loc":{"start":{"line":41,"column":15},"end":{"line":41,"column":94}},"type":"binary-expr","locations":[{"start":{"line":41,"column":15},"end":{"line":41,"column":60}},{"start":{"line":41,"column":64},"end":{"line":41,"column":94}}]},"3":{"loc":{"start":{"line":46,"column":17},"end":{"line":56,"column":null}},"type":"if","locations":[{"start":{"line":46,"column":17},"end":{"line":56,"column":null}},{"start":{"line":53,"column":12},"end":{"line":56,"column":null}}]},"4":{"loc":{"start":{"line":46,"column":20},"end":{"line":46,"column":84}},"type":"binary-expr","locations":[{"start":{"line":46,"column":20},"end":{"line":46,"column":50}},{"start":{"line":46,"column":54},"end":{"line":46,"column":84}}]}},"s":{"0":0,"1":0,"2":0,"3":0,"4":0,"5":0,"6":0,"7":0,"8":0,"9":0,"10":0,"11":0,"12":0,"13":0,"14":0,"15":0,"16":0,"17":0,"18":0,"19":0,"20":0,"21":0,"22":0,"23":0,"24":0,"25":0,"26":0,"27":0},"f":{"0":0,"1":0,"2":0,"3":0,"4":0},"b":{"0":[0],"1":[0,0],"2":[0,0],"3":[0,0],"4":[0,0]}}
,"/home/trevor/repos/EWU-CSCD379-2022-Spring/wordle-ad-farm/scripts/word.ts": {"path":"/home/trevor/repos/EWU-CSCD379-2022-Spring/wordle-ad-farm/scripts/word.ts","statementMap":{"0":{"start":{"line":1,"column":0},"end":{"line":1,"column":55}},"1":{"start":{"line":4,"column":11},"end":{"line":4,"column":null}},"2":{"start":{"line":7,"column":4},"end":{"line":7,"column":null}},"3":{"start":{"line":7,"column":35},"end":{"line":7,"column":41}},"4":{"start":{"line":11,"column":4},"end":{"line":13,"column":null}},"5":{"start":{"line":12,"column":6},"end":{"line":12,"column":null}},"6":{"start":{"line":17,"column":4},"end":{"line":19,"column":null}},"7":{"start":{"line":18,"column":6},"end":{"line":18,"column":null}},"8":{"start":{"line":23,"column":17},"end":{"line":23,"column":21}},"9":{"start":{"line":25,"column":4},"end":{"line":52,"column":null}},"10":{"start":{"line":26,"column":30},"end":{"line":26,"column":44}},"11":{"start":{"line":27,"column":26},"end":{"line":27,"column":28}},"12":{"start":{"line":29,"column":6},"end":{"line":37,"column":null}},"13":{"start":{"line":30,"column":8},"end":{"line":36,"column":null}},"14":{"start":{"line":31,"column":10},"end":{"line":31,"column":null}},"15":{"start":{"line":32,"column":10},"end":{"line":32,"column":null}},"16":{"start":{"line":34,"column":10},"end":{"line":34,"column":null}},"17":{"start":{"line":35,"column":10},"end":{"line":35,"column":null}},"18":{"start":{"line":39,"column":6},"end":{"line":48,"column":null}},"19":{"start":{"line":40,"column":8},"end":{"line":47,"column":null}},"20":{"start":{"line":41,"column":10},"end":{"line":46,"column":null}},"21":{"start":{"line":42,"column":12},"end":{"line":42,"column":null}},"22":{"start":{"line":43,"column":12},"end":{"line":43,"column":null}},"23":{"start":{"line":45,"column":12},"end":{"line":45,"column":null}},"24":{"start":{"line":49,"column":6},"end":{"line":49,"column":null}},"25":{"start":{"line":51,"column":6},"end":{"line":51,"column":null}},"26":{"start":{"line":56,"column":4},"end":{"line":56,"column":null}},"27":{"start":{"line":3,"column":0},"end":{"line":3,"column":13}}},"fnMap":{"0":{"name":"(anonymous_0)","decl":{"start":{"line":3,"column":0},"end":{"line":3,"column":13}},"loc":{"start":{"line":3,"column":0},"end":{"line":58,"column":1}}},"1":{"name":"(anonymous_1)","decl":{"start":{"line":6,"column":2},"end":{"line":6,"column":6}},"loc":{"start":{"line":6,"column":10},"end":{"line":8,"column":3}}},"2":{"name":"(anonymous_2)","decl":{"start":{"line":7,"column":28},"end":{"line":7,"column":29}},"loc":{"start":{"line":7,"column":35},"end":{"line":7,"column":41}}},"3":{"name":"(anonymous_3)","decl":{"start":{"line":10,"column":2},"end":{"line":10,"column":11}},"loc":{"start":{"line":10,"column":24},"end":{"line":14,"column":3}}},"4":{"name":"(anonymous_4)","decl":{"start":{"line":16,"column":2},"end":{"line":16,"column":14}},"loc":{"start":{"line":16,"column":14},"end":{"line":20,"column":3}}},"5":{"name":"(anonymous_5)","decl":{"start":{"line":22,"column":2},"end":{"line":22,"column":14}},"loc":{"start":{"line":22,"column":27},"end":{"line":53,"column":3}}},"6":{"name":"(anonymous_6)","decl":{"start":{"line":55,"column":2},"end":{"line":55,"column":6}},"loc":{"start":{"line":55,"column":12},"end":{"line":57,"column":3}}}},"branchMap":{"0":{"loc":{"start":{"line":11,"column":4},"end":{"line":13,"column":null}},"type":"if","locations":[{"start":{"line":11,"column":4},"end":{"line":13,"column":null}}]},"1":{"loc":{"start":{"line":17,"column":4},"end":{"line":19,"column":null}},"type":"if","locations":[{"start":{"line":17,"column":4},"end":{"line":19,"column":null}}]},"2":{"loc":{"start":{"line":25,"column":4},"end":{"line":52,"column":null}},"type":"if","locations":[{"start":{"line":25,"column":4},"end":{"line":52,"column":null}},{"start":{"line":50,"column":11},"end":{"line":52,"column":null}}]},"3":{"loc":{"start":{"line":30,"column":8},"end":{"line":36,"column":null}},"type":"if","locations":[{"start":{"line":30,"column":8},"end":{"line":36,"column":null}},{"start":{"line":33,"column":15},"end":{"line":36,"column":null}}]},"4":{"loc":{"start":{"line":39,"column":6},"end":{"line":48,"column":null}},"type":"if","locations":[{"start":{"line":39,"column":6},"end":{"line":48,"column":null}}]},"5":{"loc":{"start":{"line":41,"column":10},"end":{"line":46,"column":null}},"type":"if","locations":[{"start":{"line":41,"column":10},"end":{"line":46,"column":null}},{"start":{"line":44,"column":17},"end":{"line":46,"column":null}}]}},"s":{"0":2,"1":13,"2":1,"3":5,"4":56,"5":56,"6":1,"7":1,"8":10,"9":10,"10":10,"11":10,"12":10,"13":50,"14":21,"15":21,"16":29,"17":29,"18":10,"19":8,"20":29,"21":21,"22":21,"23":8,"24":10,"25":0,"26":2,"27":2},"f":{"0":13,"1":1,"2":5,"3":56,"4":1,"5":10,"6":2},"b":{"0":[56],"1":[1],"2":[10,0],"3":[21,29],"4":[8],"5":[21,8]}}
,"/home/trevor/repos/EWU-CSCD379-2022-Spring/wordle-ad-farm/scripts/wordleGame.ts": {"path":"/home/trevor/repos/EWU-CSCD379-2022-Spring/wordle-ad-farm/scripts/wordleGame.ts","statementMap":{"0":{"start":{"line":1,"column":0},"end":{"line":1,"column":29}},"1":{"start":{"line":3,"column":0},"end":{"line":3,"column":null}},"2":{"start":{"line":4,"column":2},"end":{"line":4,"column":null}},"3":{"start":{"line":5,"column":2},"end":{"line":5,"column":null}},"4":{"start":{"line":6,"column":2},"end":{"line":6,"column":null}},"5":{"start":{"line":16,"column":2},"end":{"line":16,"column":null}},"6":{"start":{"line":17,"column":2},"end":{"line":17,"column":null}},"7":{"start":{"line":11,"column":4},"end":{"line":11,"column":null}},"8":{"start":{"line":12,"column":4},"end":{"line":12,"column":null}},"9":{"start":{"line":20,"column":4},"end":{"line":20,"column":null}},"10":{"start":{"line":24,"column":4},"end":{"line":30,"column":null}},"11":{"start":{"line":25,"column":6},"end":{"line":25,"column":null}},"12":{"start":{"line":26,"column":11},"end":{"line":30,"column":null}},"13":{"start":{"line":27,"column":6},"end":{"line":27,"column":null}},"14":{"start":{"line":29,"column":6},"end":{"line":29,"column":null}},"15":{"start":{"line":9,"column":0},"end":{"line":9,"column":13}}},"fnMap":{"0":{"name":"(anonymous_0)","decl":{"start":{"line":3,"column":0},"end":{"line":3,"column":12}},"loc":{"start":{"line":3,"column":21},"end":{"line":7,"column":1}}},"1":{"name":"(anonymous_1)","decl":{"start":{"line":10,"column":2},"end":{"line":10,"column":14}},"loc":{"start":{"line":10,"column":26},"end":{"line":13,"column":3}}},"2":{"name":"(anonymous_2)","decl":{"start":{"line":19,"column":2},"end":{"line":19,"column":6}},"loc":{"start":{"line":19,"column":17},"end":{"line":21,"column":3}}},"3":{"name":"(anonymous_3)","decl":{"start":{"line":23,"column":2},"end":{"line":23,"column":12}},"loc":{"start":{"line":23,"column":12},"end":{"line":31,"column":3}}}},"branchMap":{"0":{"loc":{"start":{"line":3,"column":12},"end":{"line":3,"column":null}},"type":"binary-expr","locations":[{"start":{"line":3,"column":12},"end":{"line":3,"column":21}},{"start":{"line":3,"column":12},"end":{"line":3,"column":null}}]},"1":{"loc":{"start":{"line":24,"column":4},"end":{"line":30,"column":null}},"type":"if","locations":[{"start":{"line":24,"column":4},"end":{"line":30,"column":null}},{"start":{"line":26,"column":11},"end":{"line":30,"column":null}}]},"2":{"loc":{"start":{"line":26,"column":11},"end":{"line":30,"column":null}},"type":"if","locations":[{"start":{"line":26,"column":11},"end":{"line":30,"column":null}},{"start":{"line":28,"column":11},"end":{"line":30,"column":null}}]}},"s":{"0":1,"1":1,"2":1,"3":1,"4":1,"5":3,"6":3,"7":3,"8":3,"9":42,"10":7,"11":1,"12":6,"13":1,"14":5,"15":1},"f":{"0":1,"1":3,"2":42,"3":7},"b":{"0":[1,1],"1":[1,6],"2":[1,5]}}
,"/home/trevor/repos/EWU-CSCD379-2022-Spring/wordle-ad-farm/scripts/wordsService.ts": {"path":"/home/trevor/repos/EWU-CSCD379-2022-Spring/wordle-ad-farm/scripts/wordsService.ts","statementMap":{"0":{"start":{"line":3,"column":4},"end":{"line":3,"column":null}},"1":{"start":{"line":1,"column":0},"end":{"line":1,"column":22}},"2":{"start":{"line":7,"column":2},"end":{"line":639,"column":null}}},"fnMap":{"0":{"name":"(anonymous_1)","decl":{"start":{"line":2,"column":2},"end":{"line":2,"column":8}},"loc":{"start":{"line":2,"column":22},"end":{"line":4,"column":3}}}},"branchMap":{},"s":{"0":1,"1":1,"2":1},"f":{"0":1},"b":{}}
}
