TN:
SF:pages/game.vue
FN:5,(anonymous_3)
FN:9,(anonymous_4)
FN:11,(anonymous_5)
FNF:3
FNH:0
FNDA:0,(anonymous_3)
FNDA:0,(anonymous_4)
FNDA:0,(anonymous_5)
DA:1,0
DA:2,0
DA:5,0
DA:7,0
DA:11,0
LF:5
LH:0
BRF:0
BRH:0
end_of_record
TN:
SF:scripts/letter.ts
FN:1,(anonymous_0)
FN:9,(anonymous_1)
FNF:2
FNH:2
FNDA:2,(anonymous_0)
FNDA:56,(anonymous_1)
DA:1,2
DA:2,2
DA:3,2
DA:4,2
DA:5,2
DA:8,2
DA:10,56
DA:14,56
LF:8
LH:8
BRDA:1,0,0,2
BRDA:1,0,1,2
BRF:2
BRH:2
end_of_record
TN:
SF:scripts/prerollAd.ts
FN:5,(anonymous_2)
FN:9,(anonymous_3)
FN:11,(anonymous_4)
FNF:3
FNH:0
FNDA:0,(anonymous_2)
FNDA:0,(anonymous_3)
FNDA:0,(anonymous_4)
DA:1,0
DA:2,0
DA:5,0
DA:7,0
DA:11,0
LF:5
LH:0
BRF:0
BRH:0
end_of_record
TN:
SF:scripts/word-alt.ts
FN:9,(anonymous_0)
FN:19,(anonymous_1)
FN:30,(anonymous_2)
FN:32,(anonymous_3)
FN:35,(anonymous_4)
FNF:5
FNH:0
FNDA:0,(anonymous_0)
FNDA:0,(anonymous_1)
FNDA:0,(anonymous_2)
FNDA:0,(anonymous_3)
FNDA:0,(anonymous_4)
DA:1,0
DA:2,0
DA:4,0
DA:7,0
DA:11,0
DA:13,0
DA:16,0
DA:21,0
DA:23,0
DA:24,0
DA:27,0
DA:32,0
DA:37,0
DA:38,0
DA:39,0
DA:41,0
DA:43,0
DA:44,0
DA:46,0
DA:48,0
DA:49,0
DA:50,0
DA:54,0
DA:55,0
DA:59,0
LF:25
LH:0
BRDA:23,0,0,0
BRDA:41,1,0,0
BRDA:41,1,1,0
BRDA:41,2,0,0
BRDA:41,2,1,0
BRDA:46,3,0,0
BRDA:46,3,1,0
BRDA:46,4,0,0
BRDA:46,4,1,0
BRF:9
BRH:0
end_of_record
TN:
SF:scripts/word.ts
FN:3,(anonymous_0)
FN:6,(anonymous_1)
FN:7,(anonymous_2)
FN:10,(anonymous_3)
FN:16,(anonymous_4)
FN:22,(anonymous_5)
FN:55,(anonymous_6)
FNF:7
FNH:7
FNDA:13,(anonymous_0)
FNDA:1,(anonymous_1)
FNDA:5,(anonymous_2)
FNDA:56,(anonymous_3)
FNDA:1,(anonymous_4)
FNDA:10,(anonymous_5)
FNDA:2,(anonymous_6)
DA:1,2
DA:3,2
DA:4,13
DA:7,5
DA:11,56
DA:12,56
DA:17,1
DA:18,1
DA:23,10
DA:25,10
DA:26,10
DA:27,10
DA:29,10
DA:30,50
DA:31,21
DA:32,21
DA:34,29
DA:35,29
DA:39,10
DA:40,8
DA:41,29
DA:42,21
DA:43,21
DA:45,8
DA:49,10
DA:51,0
DA:56,2
LF:27
LH:26
BRDA:11,0,0,56
BRDA:17,1,0,1
BRDA:25,2,0,10
BRDA:25,2,1,0
BRDA:30,3,0,21
BRDA:30,3,1,29
BRDA:39,4,0,8
BRDA:41,5,0,21
BRDA:41,5,1,8
BRF:9
BRH:8
end_of_record
TN:
SF:scripts/wordleGame.ts
FN:3,(anonymous_0)
FN:10,(anonymous_1)
FN:19,(anonymous_2)
FN:23,(anonymous_3)
FNF:4
FNH:4
FNDA:1,(anonymous_0)
FNDA:3,(anonymous_1)
FNDA:42,(anonymous_2)
FNDA:7,(anonymous_3)
DA:1,1
DA:3,1
DA:4,1
DA:5,1
DA:6,1
DA:9,1
DA:11,3
DA:12,3
DA:16,3
DA:17,3
DA:20,42
DA:24,7
DA:25,1
DA:26,6
DA:27,1
DA:29,5
LF:16
LH:16
BRDA:3,0,0,1
BRDA:3,0,1,1
BRDA:24,1,0,1
BRDA:24,1,1,6
BRDA:26,2,0,1
BRDA:26,2,1,5
BRF:6
BRH:6
end_of_record
TN:
SF:scripts/wordsService.ts
FN:2,(anonymous_1)
FNF:1
FNH:1
FNDA:1,(anonymous_1)
DA:1,1
DA:3,1
DA:7,1
LF:3
LH:3
BRF:0
BRH:0
end_of_record
